[0.047s] Invoking command in '/home/zyme/ros/articulated_robotics/build/articubot_one': CMAKE_PREFIX_PATH=${CMAKE_PREFIX_PATH}:/opt/ros/humble /usr/bin/cmake /home/zyme/ros/articulated_robotics/src/articubot_one -DAMENT_CMAKE_SYMLINK_INSTALL=1 -DCMAKE_INSTALL_PREFIX=/home/zyme/ros/articulated_robotics/install/articubot_one
[0.908s] -- The C compiler identification is GNU 11.3.0
[1.325s] -- The CXX compiler identification is GNU 11.3.0
[1.429s] -- Detecting C compiler ABI info
[1.583s] -- Detecting C compiler ABI info - done
[1.590s] -- Check for working C compiler: /usr/bin/cc - skipped
[1.590s] -- Detecting C compile features
[1.634s] -- Detecting C compile features - done
[1.644s] -- Detecting CXX compiler ABI info
[1.772s] -- Detecting CXX compiler ABI info - done
[1.778s] -- Check for working CXX compiler: /usr/bin/c++ - skipped
[1.779s] -- Detecting CXX compile features
[1.779s] -- Detecting CXX compile features - done
[1.896s] -- Found ament_cmake: 1.3.5 (/opt/ros/humble/share/ament_cmake/cmake)
[2.313s] -- Found Python3: /usr/bin/python3.10 (found version "3.10.6") found components: Interpreter 
[2.454s] -- Override CMake install command with custom implementation using symlinks instead of copying resources
[2.579s] -- Found ament_lint_auto: 0.12.6 (/opt/ros/humble/share/ament_lint_auto/cmake)
[2.726s] -- Added test 'copyright' to check source files copyright and LICENSE
[2.734s] -- Added test 'flake8' to check Python code syntax and style conventions
[2.736s] -- Added test 'lint_cmake' to check CMake code style
[2.736s] -- Added test 'pep257' to check Python code against some of the docstring style conventions in PEP 257
[2.741s] -- Added test 'xmllint' to check XML markup files
[2.759s] -- Configuring done
[2.762s] -- Generating done
[2.762s] -- Build files have been written to: /home/zyme/ros/articulated_robotics/build/articubot_one
[2.766s] Invoked command in '/home/zyme/ros/articulated_robotics/build/articubot_one' returned '0': CMAKE_PREFIX_PATH=${CMAKE_PREFIX_PATH}:/opt/ros/humble /usr/bin/cmake /home/zyme/ros/articulated_robotics/src/articubot_one -DAMENT_CMAKE_SYMLINK_INSTALL=1 -DCMAKE_INSTALL_PREFIX=/home/zyme/ros/articulated_robotics/install/articubot_one
[2.768s] Invoking command in '/home/zyme/ros/articulated_robotics/build/articubot_one': CMAKE_PREFIX_PATH=${CMAKE_PREFIX_PATH}:/opt/ros/humble /usr/bin/cmake --build /home/zyme/ros/articulated_robotics/build/articubot_one -- -j12 -l12
[2.800s] Invoked command in '/home/zyme/ros/articulated_robotics/build/articubot_one' returned '0': CMAKE_PREFIX_PATH=${CMAKE_PREFIX_PATH}:/opt/ros/humble /usr/bin/cmake --build /home/zyme/ros/articulated_robotics/build/articubot_one -- -j12 -l12
[2.825s] Invoking command in '/home/zyme/ros/articulated_robotics/build/articubot_one': CMAKE_PREFIX_PATH=${CMAKE_PREFIX_PATH}:/opt/ros/humble /usr/bin/cmake --install /home/zyme/ros/articulated_robotics/build/articubot_one
[2.831s] -- Install configuration: ""
[2.831s] -- Execute custom install script
[2.832s] -- Symlinking: /home/zyme/ros/articulated_robotics/install/articubot_one/share/articubot_one/config/ball_tracker_params_robot.yaml
[2.839s] -- Symlinking: /home/zyme/ros/articulated_robotics/install/articubot_one/share/articubot_one/config/ball_tracker_params_sim.yaml
[2.846s] -- Symlinking: /home/zyme/ros/articulated_robotics/install/articubot_one/share/articubot_one/config/drive_bot.rviz
[2.853s] -- Symlinking: /home/zyme/ros/articulated_robotics/install/articubot_one/share/articubot_one/config/empty.yaml
[2.860s] -- Symlinking: /home/zyme/ros/articulated_robotics/install/articubot_one/share/articubot_one/config/gaz_ros2_ctl_use_sim.yaml
[2.867s] -- Symlinking: /home/zyme/ros/articulated_robotics/install/articubot_one/share/articubot_one/config/gazebo_params.yaml
[2.874s] -- Symlinking: /home/zyme/ros/articulated_robotics/install/articubot_one/share/articubot_one/config/joystick.yaml
[2.881s] -- Symlinking: /home/zyme/ros/articulated_robotics/install/articubot_one/share/articubot_one/config/main.rviz
[2.888s] -- Symlinking: /home/zyme/ros/articulated_robotics/install/articubot_one/share/articubot_one/config/map.rviz
[2.895s] -- Symlinking: /home/zyme/ros/articulated_robotics/install/articubot_one/share/articubot_one/config/mapper_params_online_async.yaml
[2.902s] -- Symlinking: /home/zyme/ros/articulated_robotics/install/articubot_one/share/articubot_one/config/my_controllers.yaml
[2.909s] -- Symlinking: /home/zyme/ros/articulated_robotics/install/articubot_one/share/articubot_one/config/nav2_params.yaml
[2.915s] -- Symlinking: /home/zyme/ros/articulated_robotics/install/articubot_one/share/articubot_one/config/twist_mux.yaml
[2.923s] -- Symlinking: /home/zyme/ros/articulated_robotics/install/articubot_one/share/articubot_one/config/view_bot.rviz
[2.930s] -- Symlinking: /home/zyme/ros/articulated_robotics/install/articubot_one/share/articubot_one/description/camera.xacro
[2.937s] -- Symlinking: /home/zyme/ros/articulated_robotics/install/articubot_one/share/articubot_one/description/depth_camera.xacro
[2.944s] -- Symlinking: /home/zyme/ros/articulated_robotics/install/articubot_one/share/articubot_one/description/face.xacro
[2.951s] -- Symlinking: /home/zyme/ros/articulated_robotics/install/articubot_one/share/articubot_one/description/gazebo_control.xacro
[2.958s] -- Symlinking: /home/zyme/ros/articulated_robotics/install/articubot_one/share/articubot_one/description/inertial_macros.xacro
[2.965s] -- Symlinking: /home/zyme/ros/articulated_robotics/install/articubot_one/share/articubot_one/description/lidar.xacro
[2.972s] -- Symlinking: /home/zyme/ros/articulated_robotics/install/articubot_one/share/articubot_one/description/robot.urdf.xacro
[2.979s] -- Symlinking: /home/zyme/ros/articulated_robotics/install/articubot_one/share/articubot_one/description/robot_core.xacro
[2.986s] -- Symlinking: /home/zyme/ros/articulated_robotics/install/articubot_one/share/articubot_one/description/ros2_control.xacro
[2.993s] -- Symlinking: /home/zyme/ros/articulated_robotics/install/articubot_one/share/articubot_one/launch/ball_tracker.launch.py
[3.000s] -- Symlinking: /home/zyme/ros/articulated_robotics/install/articubot_one/share/articubot_one/launch/camera.launch.py
[3.007s] -- Symlinking: /home/zyme/ros/articulated_robotics/install/articubot_one/share/articubot_one/launch/joystick.launch.py
[3.013s] -- Symlinking: /home/zyme/ros/articulated_robotics/install/articubot_one/share/articubot_one/launch/launch_robot.launch.py
[3.020s] -- Symlinking: /home/zyme/ros/articulated_robotics/install/articubot_one/share/articubot_one/launch/launch_sim.launch.py
[3.027s] -- Symlinking: /home/zyme/ros/articulated_robotics/install/articubot_one/share/articubot_one/launch/localization_launch.py
[3.034s] -- Symlinking: /home/zyme/ros/articulated_robotics/install/articubot_one/share/articubot_one/launch/navigation_launch.py
[3.042s] -- Symlinking: /home/zyme/ros/articulated_robotics/install/articubot_one/share/articubot_one/launch/online_async_launch.py
[3.049s] -- Symlinking: /home/zyme/ros/articulated_robotics/install/articubot_one/share/articubot_one/launch/rplidar.launch.py
[3.056s] -- Symlinking: /home/zyme/ros/articulated_robotics/install/articubot_one/share/articubot_one/launch/rsp.launch.py
[3.063s] -- Symlinking: /home/zyme/ros/articulated_robotics/install/articubot_one/share/articubot_one/worlds/empty.world
[3.069s] -- Symlinking: /home/zyme/ros/articulated_robotics/install/articubot_one/share/articubot_one/worlds/obstacles.world
[3.076s] -- Symlinking: /home/zyme/ros/articulated_robotics/install/articubot_one/share/ament_index/resource_index/package_run_dependencies/articubot_one
[3.083s] -- Symlinking: /home/zyme/ros/articulated_robotics/install/articubot_one/share/ament_index/resource_index/parent_prefix_path/articubot_one
[3.090s] -- Symlinking: /home/zyme/ros/articulated_robotics/install/articubot_one/share/articubot_one/environment/ament_prefix_path.sh
[3.097s] -- Symlinking: /home/zyme/ros/articulated_robotics/install/articubot_one/share/articubot_one/environment/ament_prefix_path.dsv
[3.104s] -- Symlinking: /home/zyme/ros/articulated_robotics/install/articubot_one/share/articubot_one/environment/path.sh
[3.111s] -- Symlinking: /home/zyme/ros/articulated_robotics/install/articubot_one/share/articubot_one/environment/path.dsv
[3.118s] -- Symlinking: /home/zyme/ros/articulated_robotics/install/articubot_one/share/articubot_one/local_setup.bash
[3.125s] -- Symlinking: /home/zyme/ros/articulated_robotics/install/articubot_one/share/articubot_one/local_setup.sh
[3.132s] -- Symlinking: /home/zyme/ros/articulated_robotics/install/articubot_one/share/articubot_one/local_setup.zsh
[3.139s] -- Symlinking: /home/zyme/ros/articulated_robotics/install/articubot_one/share/articubot_one/local_setup.dsv
[3.146s] -- Symlinking: /home/zyme/ros/articulated_robotics/install/articubot_one/share/articubot_one/package.dsv
[3.154s] -- Symlinking: /home/zyme/ros/articulated_robotics/install/articubot_one/share/ament_index/resource_index/packages/articubot_one
[3.161s] -- Symlinking: /home/zyme/ros/articulated_robotics/install/articubot_one/share/articubot_one/cmake/articubot_oneConfig.cmake
[3.168s] -- Symlinking: /home/zyme/ros/articulated_robotics/install/articubot_one/share/articubot_one/cmake/articubot_oneConfig-version.cmake
[3.174s] -- Symlinking: /home/zyme/ros/articulated_robotics/install/articubot_one/share/articubot_one/package.xml
[3.185s] Invoked command in '/home/zyme/ros/articulated_robotics/build/articubot_one' returned '0': CMAKE_PREFIX_PATH=${CMAKE_PREFIX_PATH}:/opt/ros/humble /usr/bin/cmake --install /home/zyme/ros/articulated_robotics/build/articubot_one
