[1.257s] DEBUG:colcon:Command line arguments: ['/home/zyme/.local/bin/colcon', 'build', '--symlink-install']
[1.257s] DEBUG:colcon:Parsed command line arguments: Namespace(log_base=None, log_level=None, verb_name='build', build_base='build', install_base='install', merge_install=False, symlink_install=True, test_result_base=None, continue_on_error=False, executor='parallel', parallel_workers=12, event_handlers=None, ignore_user_meta=False, metas=['./colcon.meta'], base_paths=['.'], packages_ignore=None, packages_ignore_regex=None, paths=None, packages_up_to=None, packages_up_to_regex=None, packages_above=None, packages_above_and_dependencies=None, packages_above_depth=None, packages_select_by_dep=None, packages_skip_by_dep=None, packages_skip_up_to=None, packages_select_build_failed=False, packages_skip_build_finished=False, packages_select_test_failures=False, packages_skip_test_passed=False, packages_select=None, packages_skip=None, packages_select_regex=None, packages_skip_regex=None, packages_start=None, packages_end=None, allow_overriding=[], cmake_args=None, cmake_target=None, cmake_target_skip_unavailable=False, cmake_clean_cache=False, cmake_clean_first=False, cmake_force_configure=False, ament_cmake_args=None, catkin_cmake_args=None, catkin_skip_building_tests=False, verb_parser=<colcon_defaults.argument_parser.defaults.DefaultArgumentsDecorator object at 0x7fcbfca98940>, verb_extension=<colcon_core.verb.build.BuildVerb object at 0x7fcbfca98370>, main=<bound method BuildVerb.main of <colcon_core.verb.build.BuildVerb object at 0x7fcbfca98370>>)
[1.328s] Level 1:colcon.colcon_core.package_discovery:discover_packages(colcon_meta) check parameters
[1.328s] Level 1:colcon.colcon_core.package_discovery:discover_packages(recursive) check parameters
[1.328s] Level 1:colcon.colcon_core.package_discovery:discover_packages(ignore) check parameters
[1.328s] Level 1:colcon.colcon_core.package_discovery:discover_packages(path) check parameters
[1.328s] Level 1:colcon.colcon_core.package_discovery:discover_packages(colcon_meta) discover
[1.328s] Level 1:colcon.colcon_core.package_discovery:discover_packages(recursive) discover
[1.328s] INFO:colcon.colcon_core.package_discovery:Crawling recursively for packages in '/home/zyme/ros/articulated_robotics'
[1.329s] Level 1:colcon.colcon_core.package_identification:_identify(.) by extensions ['ignore', 'ignore_ament_install']
[1.329s] Level 1:colcon.colcon_core.package_identification:_identify(.) by extension 'ignore'
[1.329s] Level 1:colcon.colcon_core.package_identification:_identify(.) by extension 'ignore_ament_install'
[1.329s] Level 1:colcon.colcon_core.package_identification:_identify(.) by extensions ['colcon_pkg']
[1.329s] Level 1:colcon.colcon_core.package_identification:_identify(.) by extension 'colcon_pkg'
[1.329s] Level 1:colcon.colcon_core.package_identification:_identify(.) by extensions ['colcon_meta']
[1.329s] Level 1:colcon.colcon_core.package_identification:_identify(.) by extension 'colcon_meta'
[1.329s] Level 1:colcon.colcon_core.package_identification:_identify(.) by extensions ['ros']
[1.329s] Level 1:colcon.colcon_core.package_identification:_identify(.) by extension 'ros'
[1.358s] Level 1:colcon.colcon_core.package_identification:_identify(.) by extensions ['cmake', 'python']
[1.358s] Level 1:colcon.colcon_core.package_identification:_identify(.) by extension 'cmake'
[1.358s] Level 1:colcon.colcon_core.package_identification:_identify(.) by extension 'python'
[1.358s] Level 1:colcon.colcon_core.package_identification:_identify(.) by extensions ['python_setup_py']
[1.358s] Level 1:colcon.colcon_core.package_identification:_identify(.) by extension 'python_setup_py'
[1.358s] Level 1:colcon.colcon_core.package_identification:_identify(build) by extensions ['ignore', 'ignore_ament_install']
[1.358s] Level 1:colcon.colcon_core.package_identification:_identify(build) by extension 'ignore'
[1.358s] Level 1:colcon.colcon_core.package_identification:_identify(build) ignored
[1.359s] Level 1:colcon.colcon_core.package_identification:_identify(install) by extensions ['ignore', 'ignore_ament_install']
[1.359s] Level 1:colcon.colcon_core.package_identification:_identify(install) by extension 'ignore'
[1.359s] Level 1:colcon.colcon_core.package_identification:_identify(install) ignored
[1.359s] Level 1:colcon.colcon_core.package_identification:_identify(log) by extensions ['ignore', 'ignore_ament_install']
[1.359s] Level 1:colcon.colcon_core.package_identification:_identify(log) by extension 'ignore'
[1.359s] Level 1:colcon.colcon_core.package_identification:_identify(log) ignored
[1.359s] Level 1:colcon.colcon_core.package_identification:_identify(src) by extensions ['ignore', 'ignore_ament_install']
[1.359s] Level 1:colcon.colcon_core.package_identification:_identify(src) by extension 'ignore'
[1.359s] Level 1:colcon.colcon_core.package_identification:_identify(src) by extension 'ignore_ament_install'
[1.359s] Level 1:colcon.colcon_core.package_identification:_identify(src) by extensions ['colcon_pkg']
[1.359s] Level 1:colcon.colcon_core.package_identification:_identify(src) by extension 'colcon_pkg'
[1.359s] Level 1:colcon.colcon_core.package_identification:_identify(src) by extensions ['colcon_meta']
[1.359s] Level 1:colcon.colcon_core.package_identification:_identify(src) by extension 'colcon_meta'
[1.359s] Level 1:colcon.colcon_core.package_identification:_identify(src) by extensions ['ros']
[1.359s] Level 1:colcon.colcon_core.package_identification:_identify(src) by extension 'ros'
[1.359s] Level 1:colcon.colcon_core.package_identification:_identify(src) by extensions ['cmake', 'python']
[1.359s] Level 1:colcon.colcon_core.package_identification:_identify(src) by extension 'cmake'
[1.359s] Level 1:colcon.colcon_core.package_identification:_identify(src) by extension 'python'
[1.359s] Level 1:colcon.colcon_core.package_identification:_identify(src) by extensions ['python_setup_py']
[1.359s] Level 1:colcon.colcon_core.package_identification:_identify(src) by extension 'python_setup_py'
[1.360s] Level 1:colcon.colcon_core.package_identification:_identify(src/articubot_one) by extensions ['ignore', 'ignore_ament_install']
[1.360s] Level 1:colcon.colcon_core.package_identification:_identify(src/articubot_one) by extension 'ignore'
[1.360s] Level 1:colcon.colcon_core.package_identification:_identify(src/articubot_one) by extension 'ignore_ament_install'
[1.360s] Level 1:colcon.colcon_core.package_identification:_identify(src/articubot_one) by extensions ['colcon_pkg']
[1.360s] Level 1:colcon.colcon_core.package_identification:_identify(src/articubot_one) by extension 'colcon_pkg'
[1.360s] Level 1:colcon.colcon_core.package_identification:_identify(src/articubot_one) by extensions ['colcon_meta']
[1.360s] Level 1:colcon.colcon_core.package_identification:_identify(src/articubot_one) by extension 'colcon_meta'
[1.360s] Level 1:colcon.colcon_core.package_identification:_identify(src/articubot_one) by extensions ['ros']
[1.360s] Level 1:colcon.colcon_core.package_identification:_identify(src/articubot_one) by extension 'ros'
[1.362s] DEBUG:colcon.colcon_core.package_identification:Package 'src/articubot_one' with type 'ros.ament_cmake' and name 'articubot_one'
[1.362s] Level 1:colcon.colcon_core.package_discovery:discover_packages(recursive) using defaults
[1.362s] Level 1:colcon.colcon_core.package_discovery:discover_packages(ignore) discover
[1.362s] Level 1:colcon.colcon_core.package_discovery:discover_packages(ignore) using defaults
[1.362s] Level 1:colcon.colcon_core.package_discovery:discover_packages(path) discover
[1.362s] Level 1:colcon.colcon_core.package_discovery:discover_packages(path) using defaults
[1.428s] Level 1:colcon.colcon_core.package_discovery:discover_packages(prefix_path) check parameters
[1.428s] Level 1:colcon.colcon_core.package_discovery:discover_packages(prefix_path) discover
[1.488s] DEBUG:colcon.colcon_installed_package_information.package_discovery:Found 6 installed packages in /home/zyme/ros/real_robot/install
[1.505s] DEBUG:colcon.colcon_installed_package_information.package_discovery:Found 442 installed packages in /opt/ros/humble
[1.507s] Level 1:colcon.colcon_core.package_discovery:discover_packages(prefix_path) using defaults
[1.721s] Level 5:colcon.colcon_core.verb:set package 'articubot_one' build argument 'cmake_args' from command line to 'None'
[1.721s] Level 5:colcon.colcon_core.verb:set package 'articubot_one' build argument 'cmake_target' from command line to 'None'
[1.721s] Level 5:colcon.colcon_core.verb:set package 'articubot_one' build argument 'cmake_target_skip_unavailable' from command line to 'False'
[1.721s] Level 5:colcon.colcon_core.verb:set package 'articubot_one' build argument 'cmake_clean_cache' from command line to 'False'
[1.721s] Level 5:colcon.colcon_core.verb:set package 'articubot_one' build argument 'cmake_clean_first' from command line to 'False'
[1.721s] Level 5:colcon.colcon_core.verb:set package 'articubot_one' build argument 'cmake_force_configure' from command line to 'False'
[1.721s] Level 5:colcon.colcon_core.verb:set package 'articubot_one' build argument 'ament_cmake_args' from command line to 'None'
[1.721s] Level 5:colcon.colcon_core.verb:set package 'articubot_one' build argument 'catkin_cmake_args' from command line to 'None'
[1.721s] Level 5:colcon.colcon_core.verb:set package 'articubot_one' build argument 'catkin_skip_building_tests' from command line to 'False'
[1.721s] DEBUG:colcon.colcon_core.verb:Building package 'articubot_one' with the following arguments: {'ament_cmake_args': None, 'build_base': '/home/zyme/ros/articulated_robotics/build/articubot_one', 'catkin_cmake_args': None, 'catkin_skip_building_tests': False, 'cmake_args': None, 'cmake_clean_cache': False, 'cmake_clean_first': False, 'cmake_force_configure': False, 'cmake_target': None, 'cmake_target_skip_unavailable': False, 'install_base': '/home/zyme/ros/articulated_robotics/install/articubot_one', 'merge_install': False, 'path': '/home/zyme/ros/articulated_robotics/src/articubot_one', 'symlink_install': True, 'test_result_base': None}
[1.722s] INFO:colcon.colcon_core.executor:Executing jobs using 'parallel' executor
[1.730s] DEBUG:colcon.colcon_parallel_executor.executor.parallel:run_until_complete
[1.730s] INFO:colcon.colcon_ros.task.ament_cmake.build:Building ROS package in '/home/zyme/ros/articulated_robotics/src/articubot_one' with build type 'ament_cmake'
[1.731s] INFO:colcon.colcon_cmake.task.cmake.build:Building CMake package in '/home/zyme/ros/articulated_robotics/src/articubot_one'
[1.756s] INFO:colcon.colcon_core.plugin_system:Skipping extension 'colcon_core.shell.bat': Not used on non-Windows systems
[1.756s] INFO:colcon.colcon_core.shell:Skip shell extension 'powershell' for command environment: Not usable outside of PowerShell
[1.756s] DEBUG:colcon.colcon_core.shell:Skip shell extension 'dsv' for command environment
[1.778s] DEBUG:colcon.colcon_core.event_handler.log_command:Invoking command in '/home/zyme/ros/articulated_robotics/build/articubot_one': CMAKE_PREFIX_PATH=${CMAKE_PREFIX_PATH}:/opt/ros/humble /usr/bin/cmake /home/zyme/ros/articulated_robotics/src/articubot_one -DAMENT_CMAKE_SYMLINK_INSTALL=1 -DCMAKE_INSTALL_PREFIX=/home/zyme/ros/articulated_robotics/install/articubot_one
[4.497s] DEBUG:colcon.colcon_core.event_handler.log_command:Invoked command in '/home/zyme/ros/articulated_robotics/build/articubot_one' returned '0': CMAKE_PREFIX_PATH=${CMAKE_PREFIX_PATH}:/opt/ros/humble /usr/bin/cmake /home/zyme/ros/articulated_robotics/src/articubot_one -DAMENT_CMAKE_SYMLINK_INSTALL=1 -DCMAKE_INSTALL_PREFIX=/home/zyme/ros/articulated_robotics/install/articubot_one
[4.499s] DEBUG:colcon.colcon_core.event_handler.log_command:Invoking command in '/home/zyme/ros/articulated_robotics/build/articubot_one': CMAKE_PREFIX_PATH=${CMAKE_PREFIX_PATH}:/opt/ros/humble /usr/bin/cmake --build /home/zyme/ros/articulated_robotics/build/articubot_one -- -j12 -l12
[4.531s] DEBUG:colcon.colcon_core.event_handler.log_command:Invoked command in '/home/zyme/ros/articulated_robotics/build/articubot_one' returned '0': CMAKE_PREFIX_PATH=${CMAKE_PREFIX_PATH}:/opt/ros/humble /usr/bin/cmake --build /home/zyme/ros/articulated_robotics/build/articubot_one -- -j12 -l12
[4.556s] DEBUG:colcon.colcon_core.event_handler.log_command:Invoking command in '/home/zyme/ros/articulated_robotics/build/articubot_one': CMAKE_PREFIX_PATH=${CMAKE_PREFIX_PATH}:/opt/ros/humble /usr/bin/cmake --install /home/zyme/ros/articulated_robotics/build/articubot_one
[4.915s] Level 1:colcon.colcon_core.environment:create_environment_scripts_only(articubot_one)
[4.916s] DEBUG:colcon.colcon_core.event_handler.log_command:Invoked command in '/home/zyme/ros/articulated_robotics/build/articubot_one' returned '0': CMAKE_PREFIX_PATH=${CMAKE_PREFIX_PATH}:/opt/ros/humble /usr/bin/cmake --install /home/zyme/ros/articulated_robotics/build/articubot_one
[4.948s] Level 1:colcon.colcon_core.environment:checking '/home/zyme/ros/articulated_robotics/install/articubot_one' for CMake module files
[4.949s] Level 1:colcon.colcon_core.environment:checking '/home/zyme/ros/articulated_robotics/install/articubot_one' for CMake config files
[4.949s] Level 1:colcon.colcon_core.shell:create_environment_hook('articubot_one', 'cmake_prefix_path')
[4.953s] INFO:colcon.colcon_core.shell:Creating environment hook '/home/zyme/ros/articulated_robotics/install/articubot_one/share/articubot_one/hook/cmake_prefix_path.ps1'
[4.953s] INFO:colcon.colcon_core.shell:Creating environment descriptor '/home/zyme/ros/articulated_robotics/install/articubot_one/share/articubot_one/hook/cmake_prefix_path.dsv'
[4.953s] INFO:colcon.colcon_core.shell:Creating environment hook '/home/zyme/ros/articulated_robotics/install/articubot_one/share/articubot_one/hook/cmake_prefix_path.sh'
[4.954s] Level 1:colcon.colcon_core.environment:checking '/home/zyme/ros/articulated_robotics/install/articubot_one/bin'
[4.954s] Level 1:colcon.colcon_core.environment:checking '/home/zyme/ros/articulated_robotics/install/articubot_one/lib/pkgconfig/articubot_one.pc'
[4.955s] Level 1:colcon.colcon_core.environment:checking '/home/zyme/ros/articulated_robotics/install/articubot_one/lib/python3.10/site-packages'
[4.955s] Level 1:colcon.colcon_core.environment:checking '/home/zyme/ros/articulated_robotics/install/articubot_one/bin'
[4.958s] INFO:colcon.colcon_core.shell:Creating package script '/home/zyme/ros/articulated_robotics/install/articubot_one/share/articubot_one/package.ps1'
[4.959s] INFO:colcon.colcon_core.shell:Creating package descriptor '/home/zyme/ros/articulated_robotics/install/articubot_one/share/articubot_one/package.dsv'
[4.959s] INFO:colcon.colcon_core.shell:Creating package script '/home/zyme/ros/articulated_robotics/install/articubot_one/share/articubot_one/package.sh'
[4.960s] INFO:colcon.colcon_core.shell:Creating package script '/home/zyme/ros/articulated_robotics/install/articubot_one/share/articubot_one/package.bash'
[4.961s] INFO:colcon.colcon_core.shell:Creating package script '/home/zyme/ros/articulated_robotics/install/articubot_one/share/articubot_one/package.zsh'
[4.961s] Level 1:colcon.colcon_core.environment:create_file_with_runtime_dependencies(/home/zyme/ros/articulated_robotics/install/articubot_one/share/colcon-core/packages/articubot_one)
[4.984s] Level 1:colcon.colcon_core.environment:create_environment_scripts_only(articubot_one)
[4.988s] Level 1:colcon.colcon_core.environment:checking '/home/zyme/ros/articulated_robotics/install/articubot_one' for CMake module files
[4.989s] Level 1:colcon.colcon_core.environment:checking '/home/zyme/ros/articulated_robotics/install/articubot_one' for CMake config files
[4.989s] Level 1:colcon.colcon_core.shell:create_environment_hook('articubot_one', 'cmake_prefix_path')
[4.992s] INFO:colcon.colcon_core.shell:Creating environment hook '/home/zyme/ros/articulated_robotics/install/articubot_one/share/articubot_one/hook/cmake_prefix_path.ps1'
[4.993s] INFO:colcon.colcon_core.shell:Creating environment descriptor '/home/zyme/ros/articulated_robotics/install/articubot_one/share/articubot_one/hook/cmake_prefix_path.dsv'
[4.993s] INFO:colcon.colcon_core.shell:Creating environment hook '/home/zyme/ros/articulated_robotics/install/articubot_one/share/articubot_one/hook/cmake_prefix_path.sh'
[4.993s] Level 1:colcon.colcon_core.environment:checking '/home/zyme/ros/articulated_robotics/install/articubot_one/bin'
[4.994s] Level 1:colcon.colcon_core.environment:checking '/home/zyme/ros/articulated_robotics/install/articubot_one/lib/pkgconfig/articubot_one.pc'
[4.994s] Level 1:colcon.colcon_core.environment:checking '/home/zyme/ros/articulated_robotics/install/articubot_one/lib/python3.10/site-packages'
[4.994s] Level 1:colcon.colcon_core.environment:checking '/home/zyme/ros/articulated_robotics/install/articubot_one/bin'
[4.997s] INFO:colcon.colcon_core.shell:Creating package script '/home/zyme/ros/articulated_robotics/install/articubot_one/share/articubot_one/package.ps1'
[4.998s] INFO:colcon.colcon_core.shell:Creating package descriptor '/home/zyme/ros/articulated_robotics/install/articubot_one/share/articubot_one/package.dsv'
[4.998s] INFO:colcon.colcon_core.shell:Creating package script '/home/zyme/ros/articulated_robotics/install/articubot_one/share/articubot_one/package.sh'
[4.999s] INFO:colcon.colcon_core.shell:Creating package script '/home/zyme/ros/articulated_robotics/install/articubot_one/share/articubot_one/package.bash'
[4.999s] INFO:colcon.colcon_core.shell:Creating package script '/home/zyme/ros/articulated_robotics/install/articubot_one/share/articubot_one/package.zsh'
[4.999s] Level 1:colcon.colcon_core.environment:create_file_with_runtime_dependencies(/home/zyme/ros/articulated_robotics/install/articubot_one/share/colcon-core/packages/articubot_one)
[4.999s] DEBUG:colcon.colcon_parallel_executor.executor.parallel:closing loop
[4.999s] DEBUG:colcon.colcon_parallel_executor.executor.parallel:loop closed
[4.999s] DEBUG:colcon.colcon_parallel_executor.executor.parallel:run_until_complete finished with '0'
[4.999s] DEBUG:colcon.colcon_core.event_reactor:joining thread
[5.022s] INFO:colcon.colcon_core.plugin_system:Skipping extension 'colcon_notification.desktop_notification.terminal_notifier': Not used on non-Darwin systems
[5.022s] INFO:colcon.colcon_core.plugin_system:Skipping extension 'colcon_notification.desktop_notification.win32': Not used on non-Windows systems
[5.022s] INFO:colcon.colcon_notification.desktop_notification:Sending desktop notification using 'notify2'
[5.057s] DEBUG:colcon.colcon_core.event_reactor:joined thread
[5.061s] INFO:colcon.colcon_core.shell:Creating prefix script '/home/zyme/ros/articulated_robotics/install/local_setup.ps1'
[5.065s] INFO:colcon.colcon_core.shell:Creating prefix util module '/home/zyme/ros/articulated_robotics/install/_local_setup_util_ps1.py'
[5.066s] INFO:colcon.colcon_core.shell:Creating prefix chain script '/home/zyme/ros/articulated_robotics/install/setup.ps1'
[5.071s] INFO:colcon.colcon_core.shell:Creating prefix script '/home/zyme/ros/articulated_robotics/install/local_setup.sh'
[5.072s] INFO:colcon.colcon_core.shell:Creating prefix util module '/home/zyme/ros/articulated_robotics/install/_local_setup_util_sh.py'
[5.072s] INFO:colcon.colcon_core.shell:Creating prefix chain script '/home/zyme/ros/articulated_robotics/install/setup.sh'
[5.076s] INFO:colcon.colcon_core.shell:Creating prefix script '/home/zyme/ros/articulated_robotics/install/local_setup.bash'
[5.077s] INFO:colcon.colcon_core.shell:Creating prefix chain script '/home/zyme/ros/articulated_robotics/install/setup.bash'
[5.080s] INFO:colcon.colcon_core.shell:Creating prefix script '/home/zyme/ros/articulated_robotics/install/local_setup.zsh'
[5.093s] INFO:colcon.colcon_core.shell:Creating prefix chain script '/home/zyme/ros/articulated_robotics/install/setup.zsh'
